2025-11-13 07:58:32,539 INFO  org.apache.flink.runtime.taskexecutor.TaskManagerRunner      [] - --------------------------------------------------------------------------------
2025-11-13 07:58:32,592 INFO  org.apache.flink.runtime.taskexecutor.TaskManagerRunner      [] -  Preconfiguration: 
2025-11-13 07:58:32,632 INFO  org.apache.flink.runtime.taskexecutor.TaskManagerRunner      [] - 


RESOURCE_PARAMS extraction logs:
jvm_params: -Xmx161061270 -Xms161061270 -XX:MaxDirectMemorySize=201326592 -XX:MaxMetaspaceSize=268435456
dynamic_configs: -D taskmanager.memory.network.min=67108864b -D taskmanager.cpu.cores=1.0 -D taskmanager.memory.task.off-heap.size=0b -D taskmanager.memory.jvm-metaspace.size=268435456b -D external-resources=none -D taskmanager.memory.jvm-overhead.min=201326592b -D taskmanager.memory.framework.off-heap.size=134217728b -D taskmanager.memory.network.max=67108864b -D taskmanager.memory.framework.heap.size=134217728b -D taskmanager.memory.managed.size=241591914b -D taskmanager.memory.task.heap.size=26843542b -D taskmanager.numberOfTaskSlots=1 -D taskmanager.memory.jvm-overhead.max=201326592b
logs: WARNING: sun.reflect.Reflection.getCallerClass is not supported. This will impact performance.
INFO  [] - Loading configuration property: blob.server.port, 6124
INFO  [] - Loading configuration property: taskmanager.memory.process.size, 1024m
INFO  [] - Loading configuration property: taskmanager.bind-host, 0.0.0.0
INFO  [] - Loading configuration property: jobmanager.execution.failover-strategy, region
INFO  [] - Loading configuration property: jobmanager.rpc.address, flink-jobmanager
INFO  [] - Loading configuration property: jobmanager.memory.process.size, 1600m
INFO  [] - Loading configuration property: jobmanager.rpc.port, 6123
INFO  [] - Loading configuration property: query.server.port, 6125
INFO  [] - Loading configuration property: rest.bind-address, 0.0.0.0
INFO  [] - Loading configuration property: jobmanager.bind-host, 0.0.0.0
INFO  [] - Loading configuration property: parallelism.default, 1
INFO  [] - Loading configuration property: taskmanager.numberOfTaskSlots, 1
INFO  [] - Loading configuration property: rest.address, 0.0.0.0
INFO  [] - Loading configuration property: env.java.opts.all, --add-exports=java.base/sun.net.util=ALL-UNNAMED --add-exports=java.rmi/sun.rmi.registry=ALL-UNNAMED --add-exports=jdk.compiler/com.sun.tools.javac.api=ALL-UNNAMED --add-exports=jdk.compiler/com.sun.tools.javac.file=ALL-UNNAMED --add-exports=jdk.compiler/com.sun.tools.javac.parser=ALL-UNNAMED --add-exports=jdk.compiler/com.sun.tools.javac.tree=ALL-UNNAMED --add-exports=jdk.compiler/com.sun.tools.javac.util=ALL-UNNAMED --add-exports=java.security.jgss/sun.security.krb5=ALL-UNNAMED --add-opens=java.base/java.lang=ALL-UNNAMED --add-opens=java.base/java.net=ALL-UNNAMED --add-opens=java.base/java.io=ALL-UNNAMED --add-opens=java.base/java.nio=ALL-UNNAMED --add-opens=java.base/sun.nio.ch=ALL-UNNAMED --add-opens=java.base/java.lang.reflect=ALL-UNNAMED --add-opens=java.base/java.text=ALL-UNNAMED --add-opens=java.base/java.time=ALL-UNNAMED --add-opens=java.base/java.util=ALL-UNNAMED --add-opens=java.base/java.util.concurrent=ALL-UNNAMED --add-opens=java.base/java.util.concurrent.atomic=ALL-UNNAMED --add-opens=java.base/java.util.concurrent.locks=ALL-UNNAMED
INFO  [] - The derived from fraction jvm overhead memory (102.400mb (107374184 bytes)) is less than its min value 192.000mb (201326592 bytes), min value will be used instead
INFO  [] - The derived from fraction network memory (57.600mb (60397978 bytes)) is less than its min value 64.000mb (67108864 bytes), min value will be used instead
INFO  [] - Final TaskExecutor Memory configuration:
INFO  [] -   Total Process Memory:          1024.000mb (1073741824 bytes)
INFO  [] -     Total Flink Memory:          576.000mb (603979776 bytes)
INFO  [] -       Total JVM Heap Memory:     153.600mb (161061270 bytes)
INFO  [] -         Framework:               128.000mb (134217728 bytes)
INFO  [] -         Task:                    25.600mb (26843542 bytes)
INFO  [] -       Total Off-heap Memory:     422.400mb (442918506 bytes)
INFO  [] -         Managed:                 230.400mb (241591914 bytes)
INFO  [] -         Total JVM Direct Memory: 192.000mb (201326592 bytes)
INFO  [] -           Framework:             128.000mb (134217728 bytes)
INFO  [] -           Task:                  0 bytes
INFO  [] -           Network:               64.000mb (67108864 bytes)
INFO  [] -     JVM Metaspace:               256.000mb (268435456 bytes)
INFO  [] -     JVM Overhead:                192.000mb (201326592 bytes)

2025-11-13 07:58:32,660 INFO  org.apache.flink.runtime.taskexecutor.TaskManagerRunner      [] - --------------------------------------------------------------------------------
2025-11-13 07:58:32,670 INFO  org.apache.flink.runtime.taskexecutor.TaskManagerRunner      [] -  Starting TaskManager (Version: 1.18.0, Scala: 2.12, Rev:a5548cc, Date:2023-10-18T22:09:35+02:00)
2025-11-13 07:58:32,680 INFO  org.apache.flink.runtime.taskexecutor.TaskManagerRunner      [] -  OS current user: flink
2025-11-13 07:58:32,682 INFO  org.apache.flink.runtime.taskexecutor.TaskManagerRunner      [] -  Current Hadoop/Kerberos user: <no hadoop dependency found>
2025-11-13 07:58:32,683 INFO  org.apache.flink.runtime.taskexecutor.TaskManagerRunner      [] -  JVM: OpenJDK 64-Bit Server VM - Eclipse Adoptium - 11/11.0.21+9
2025-11-13 07:58:32,685 INFO  org.apache.flink.runtime.taskexecutor.TaskManagerRunner      [] -  Arch: amd64
2025-11-13 07:58:32,686 INFO  org.apache.flink.runtime.taskexecutor.TaskManagerRunner      [] -  Maximum heap size: 154 MiBytes
2025-11-13 07:58:32,687 INFO  org.apache.flink.runtime.taskexecutor.TaskManagerRunner      [] -  JAVA_HOME: /opt/java/openjdk
2025-11-13 07:58:32,689 INFO  org.apache.flink.runtime.taskexecutor.TaskManagerRunner      [] -  No Hadoop Dependency available
2025-11-13 07:58:32,696 INFO  org.apache.flink.runtime.taskexecutor.TaskManagerRunner      [] -  JVM Options:
2025-11-13 07:58:32,706 INFO  org.apache.flink.runtime.taskexecutor.TaskManagerRunner      [] -     -Xmx161061270
2025-11-13 07:58:32,707 INFO  org.apache.flink.runtime.taskexecutor.TaskManagerRunner      [] -     -Xms161061270
2025-11-13 07:58:32,709 INFO  org.apache.flink.runtime.taskexecutor.TaskManagerRunner      [] -     -XX:MaxDirectMemorySize=201326592
2025-11-13 07:58:32,711 INFO  org.apache.flink.runtime.taskexecutor.TaskManagerRunner      [] -     -XX:MaxMetaspaceSize=268435456
2025-11-13 07:58:32,715 INFO  org.apache.flink.runtime.taskexecutor.TaskManagerRunner      [] -     -XX:+IgnoreUnrecognizedVMOptions
2025-11-13 07:58:32,717 INFO  org.apache.flink.runtime.taskexecutor.TaskManagerRunner      [] -     --add-exports=java.base/sun.net.util=ALL-UNNAMED
2025-11-13 07:58:32,718 INFO  org.apache.flink.runtime.taskexecutor.TaskManagerRunner      [] -     --add-exports=java.rmi/sun.rmi.registry=ALL-UNNAMED
2025-11-13 07:58:32,719 INFO  org.apache.flink.runtime.taskexecutor.TaskManagerRunner      [] -     --add-exports=jdk.compiler/com.sun.tools.javac.api=ALL-UNNAMED
2025-11-13 07:58:32,719 INFO  org.apache.flink.runtime.taskexecutor.TaskManagerRunner      [] -     --add-exports=jdk.compiler/com.sun.tools.javac.file=ALL-UNNAMED
2025-11-13 07:58:32,720 INFO  org.apache.flink.runtime.taskexecutor.TaskManagerRunner      [] -     --add-exports=jdk.compiler/com.sun.tools.javac.parser=ALL-UNNAMED
2025-11-13 07:58:32,721 INFO  org.apache.flink.runtime.taskexecutor.TaskManagerRunner      [] -     --add-exports=jdk.compiler/com.sun.tools.javac.tree=ALL-UNNAMED
2025-11-13 07:58:32,721 INFO  org.apache.flink.runtime.taskexecutor.TaskManagerRunner      [] -     --add-exports=jdk.compiler/com.sun.tools.javac.util=ALL-UNNAMED
2025-11-13 07:58:32,722 INFO  org.apache.flink.runtime.taskexecutor.TaskManagerRunner      [] -     --add-exports=java.security.jgss/sun.security.krb5=ALL-UNNAMED
2025-11-13 07:58:32,722 INFO  org.apache.flink.runtime.taskexecutor.TaskManagerRunner      [] -     --add-opens=java.base/java.lang=ALL-UNNAMED
2025-11-13 07:58:32,723 INFO  org.apache.flink.runtime.taskexecutor.TaskManagerRunner      [] -     --add-opens=java.base/java.net=ALL-UNNAMED
2025-11-13 07:58:32,724 INFO  org.apache.flink.runtime.taskexecutor.TaskManagerRunner      [] -     --add-opens=java.base/java.io=ALL-UNNAMED
2025-11-13 07:58:32,724 INFO  org.apache.flink.runtime.taskexecutor.TaskManagerRunner      [] -     --add-opens=java.base/java.nio=ALL-UNNAMED
2025-11-13 07:58:32,725 INFO  org.apache.flink.runtime.taskexecutor.TaskManagerRunner      [] -     --add-opens=java.base/sun.nio.ch=ALL-UNNAMED
2025-11-13 07:58:32,725 INFO  org.apache.flink.runtime.taskexecutor.TaskManagerRunner      [] -     --add-opens=java.base/java.lang.reflect=ALL-UNNAMED
2025-11-13 07:58:32,726 INFO  org.apache.flink.runtime.taskexecutor.TaskManagerRunner      [] -     --add-opens=java.base/java.text=ALL-UNNAMED
2025-11-13 07:58:32,727 INFO  org.apache.flink.runtime.taskexecutor.TaskManagerRunner      [] -     --add-opens=java.base/java.time=ALL-UNNAMED
2025-11-13 07:58:32,727 INFO  org.apache.flink.runtime.taskexecutor.TaskManagerRunner      [] -     --add-opens=java.base/java.util=ALL-UNNAMED
2025-11-13 07:58:32,735 INFO  org.apache.flink.runtime.taskexecutor.TaskManagerRunner      [] -     --add-opens=java.base/java.util.concurrent=ALL-UNNAMED
2025-11-13 07:58:32,736 INFO  org.apache.flink.runtime.taskexecutor.TaskManagerRunner      [] -     --add-opens=java.base/java.util.concurrent.atomic=ALL-UNNAMED
2025-11-13 07:58:32,737 INFO  org.apache.flink.runtime.taskexecutor.TaskManagerRunner      [] -     --add-opens=java.base/java.util.concurrent.locks=ALL-UNNAMED
2025-11-13 07:58:32,737 INFO  org.apache.flink.runtime.taskexecutor.TaskManagerRunner      [] -     -Dlog.file=/opt/flink/log/flink--taskexecutor-0-46b9fe7ddfa1.log
2025-11-13 07:58:32,738 INFO  org.apache.flink.runtime.taskexecutor.TaskManagerRunner      [] -     -Dlog4j.configuration=file:/opt/flink/conf/log4j-console.properties
2025-11-13 07:58:32,738 INFO  org.apache.flink.runtime.taskexecutor.TaskManagerRunner      [] -     -Dlog4j.configurationFile=file:/opt/flink/conf/log4j-console.properties
2025-11-13 07:58:32,739 INFO  org.apache.flink.runtime.taskexecutor.TaskManagerRunner      [] -     -Dlogback.configurationFile=file:/opt/flink/conf/logback-console.xml
2025-11-13 07:58:32,740 INFO  org.apache.flink.runtime.taskexecutor.TaskManagerRunner      [] -  Program Arguments:
2025-11-13 07:58:32,743 INFO  org.apache.flink.runtime.taskexecutor.TaskManagerRunner      [] -     --configDir
2025-11-13 07:58:32,745 INFO  org.apache.flink.runtime.taskexecutor.TaskManagerRunner      [] -     /opt/flink/conf
2025-11-13 07:58:32,746 INFO  org.apache.flink.runtime.taskexecutor.TaskManagerRunner      [] -     -D
2025-11-13 07:58:32,747 INFO  org.apache.flink.runtime.taskexecutor.TaskManagerRunner      [] -     taskmanager.memory.network.min=67108864b
2025-11-13 07:58:32,747 INFO  org.apache.flink.runtime.taskexecutor.TaskManagerRunner      [] -     -D
2025-11-13 07:58:32,747 INFO  org.apache.flink.runtime.taskexecutor.TaskManagerRunner      [] -     taskmanager.cpu.cores=1.0
2025-11-13 07:58:32,748 INFO  org.apache.flink.runtime.taskexecutor.TaskManagerRunner      [] -     -D
2025-11-13 07:58:32,748 INFO  org.apache.flink.runtime.taskexecutor.TaskManagerRunner      [] -     taskmanager.memory.task.off-heap.size=0b
2025-11-13 07:58:32,749 INFO  org.apache.flink.runtime.taskexecutor.TaskManagerRunner      [] -     -D
2025-11-13 07:58:32,751 INFO  org.apache.flink.runtime.taskexecutor.TaskManagerRunner      [] -     taskmanager.memory.jvm-metaspace.size=268435456b
2025-11-13 07:58:32,753 INFO  org.apache.flink.runtime.taskexecutor.TaskManagerRunner      [] -     -D
2025-11-13 07:58:32,754 INFO  org.apache.flink.runtime.taskexecutor.TaskManagerRunner      [] -     external-resources=none
2025-11-13 07:58:32,754 INFO  org.apache.flink.runtime.taskexecutor.TaskManagerRunner      [] -     -D
2025-11-13 07:58:32,755 INFO  org.apache.flink.runtime.taskexecutor.TaskManagerRunner      [] -     taskmanager.memory.jvm-overhead.min=201326592b
2025-11-13 07:58:32,756 INFO  org.apache.flink.runtime.taskexecutor.TaskManagerRunner      [] -     -D
2025-11-13 07:58:32,756 INFO  org.apache.flink.runtime.taskexecutor.TaskManagerRunner      [] -     taskmanager.memory.framework.off-heap.size=134217728b
2025-11-13 07:58:32,757 INFO  org.apache.flink.runtime.taskexecutor.TaskManagerRunner      [] -     -D
2025-11-13 07:58:32,758 INFO  org.apache.flink.runtime.taskexecutor.TaskManagerRunner      [] -     taskmanager.memory.network.max=67108864b
2025-11-13 07:58:32,759 INFO  org.apache.flink.runtime.taskexecutor.TaskManagerRunner      [] -     -D
2025-11-13 07:58:32,759 INFO  org.apache.flink.runtime.taskexecutor.TaskManagerRunner      [] -     taskmanager.memory.framework.heap.size=134217728b
2025-11-13 07:58:32,760 INFO  org.apache.flink.runtime.taskexecutor.TaskManagerRunner      [] -     -D
2025-11-13 07:58:32,760 INFO  org.apache.flink.runtime.taskexecutor.TaskManagerRunner      [] -     taskmanager.memory.managed.size=241591914b
2025-11-13 07:58:32,761 INFO  org.apache.flink.runtime.taskexecutor.TaskManagerRunner      [] -     -D
2025-11-13 07:58:32,761 INFO  org.apache.flink.runtime.taskexecutor.TaskManagerRunner      [] -     taskmanager.memory.task.heap.size=26843542b
2025-11-13 07:58:32,761 INFO  org.apache.flink.runtime.taskexecutor.TaskManagerRunner      [] -     -D
2025-11-13 07:58:32,762 INFO  org.apache.flink.runtime.taskexecutor.TaskManagerRunner      [] -     taskmanager.numberOfTaskSlots=1
2025-11-13 07:58:32,762 INFO  org.apache.flink.runtime.taskexecutor.TaskManagerRunner      [] -     -D
2025-11-13 07:58:32,762 INFO  org.apache.flink.runtime.taskexecutor.TaskManagerRunner      [] -     taskmanager.memory.jvm-overhead.max=201326592b
2025-11-13 07:58:32,763 INFO  org.apache.flink.runtime.taskexecutor.TaskManagerRunner      [] -  Classpath: /opt/flink/lib/flink-cep-1.18.0.jar:/opt/flink/lib/flink-connector-files-1.18.0.jar:/opt/flink/lib/flink-csv-1.18.0.jar:/opt/flink/lib/flink-json-1.18.0.jar:/opt/flink/lib/flink-scala_2.12-1.18.0.jar:/opt/flink/lib/flink-table-api-java-uber-1.18.0.jar:/opt/flink/lib/flink-table-planner-loader-1.18.0.jar:/opt/flink/lib/flink-table-runtime-1.18.0.jar:/opt/flink/lib/log4j-1.2-api-2.17.1.jar:/opt/flink/lib/log4j-api-2.17.1.jar:/opt/flink/lib/log4j-core-2.17.1.jar:/opt/flink/lib/log4j-slf4j-impl-2.17.1.jar:/opt/flink/lib/flink-dist-1.18.0.jar::::
2025-11-13 07:58:32,763 INFO  org.apache.flink.runtime.taskexecutor.TaskManagerRunner      [] - --------------------------------------------------------------------------------
2025-11-13 07:58:32,764 INFO  org.apache.flink.runtime.taskexecutor.TaskManagerRunner      [] - Registered UNIX signal handlers for [TERM, HUP, INT]
2025-11-13 07:58:32,766 INFO  org.apache.flink.runtime.taskexecutor.TaskManagerRunner      [] - Maximum number of open file descriptors is 1048576.
2025-11-13 07:58:32,774 INFO  org.apache.flink.configuration.GlobalConfiguration           [] - Loading configuration property: blob.server.port, 6124
2025-11-13 07:58:32,779 INFO  org.apache.flink.configuration.GlobalConfiguration           [] - Loading configuration property: taskmanager.memory.process.size, 1024m
2025-11-13 07:58:32,779 INFO  org.apache.flink.configuration.GlobalConfiguration           [] - Loading configuration property: taskmanager.bind-host, 0.0.0.0
2025-11-13 07:58:32,780 INFO  org.apache.flink.configuration.GlobalConfiguration           [] - Loading configuration property: jobmanager.execution.failover-strategy, region
2025-11-13 07:58:32,781 INFO  org.apache.flink.configuration.GlobalConfiguration           [] - Loading configuration property: jobmanager.rpc.address, flink-jobmanager
2025-11-13 07:58:32,782 INFO  org.apache.flink.configuration.GlobalConfiguration           [] - Loading configuration property: jobmanager.memory.process.size, 1600m
2025-11-13 07:58:32,782 INFO  org.apache.flink.configuration.GlobalConfiguration           [] - Loading configuration property: jobmanager.rpc.port, 6123
2025-11-13 07:58:32,783 INFO  org.apache.flink.configuration.GlobalConfiguration           [] - Loading configuration property: query.server.port, 6125
2025-11-13 07:58:32,783 INFO  org.apache.flink.configuration.GlobalConfiguration           [] - Loading configuration property: rest.bind-address, 0.0.0.0
2025-11-13 07:58:32,784 INFO  org.apache.flink.configuration.GlobalConfiguration           [] - Loading configuration property: jobmanager.bind-host, 0.0.0.0
2025-11-13 07:58:32,785 INFO  org.apache.flink.configuration.GlobalConfiguration           [] - Loading configuration property: parallelism.default, 1
2025-11-13 07:58:32,785 INFO  org.apache.flink.configuration.GlobalConfiguration           [] - Loading configuration property: taskmanager.numberOfTaskSlots, 1
2025-11-13 07:58:32,786 INFO  org.apache.flink.configuration.GlobalConfiguration           [] - Loading configuration property: rest.address, 0.0.0.0
2025-11-13 07:58:32,786 INFO  org.apache.flink.configuration.GlobalConfiguration           [] - Loading configuration property: env.java.opts.all, --add-exports=java.base/sun.net.util=ALL-UNNAMED --add-exports=java.rmi/sun.rmi.registry=ALL-UNNAMED --add-exports=jdk.compiler/com.sun.tools.javac.api=ALL-UNNAMED --add-exports=jdk.compiler/com.sun.tools.javac.file=ALL-UNNAMED --add-exports=jdk.compiler/com.sun.tools.javac.parser=ALL-UNNAMED --add-exports=jdk.compiler/com.sun.tools.javac.tree=ALL-UNNAMED --add-exports=jdk.compiler/com.sun.tools.javac.util=ALL-UNNAMED --add-exports=java.security.jgss/sun.security.krb5=ALL-UNNAMED --add-opens=java.base/java.lang=ALL-UNNAMED --add-opens=java.base/java.net=ALL-UNNAMED --add-opens=java.base/java.io=ALL-UNNAMED --add-opens=java.base/java.nio=ALL-UNNAMED --add-opens=java.base/sun.nio.ch=ALL-UNNAMED --add-opens=java.base/java.lang.reflect=ALL-UNNAMED --add-opens=java.base/java.text=ALL-UNNAMED --add-opens=java.base/java.time=ALL-UNNAMED --add-opens=java.base/java.util=ALL-UNNAMED --add-opens=java.base/java.util.concurrent=ALL-UNNAMED --add-opens=java.base/java.util.concurrent.atomic=ALL-UNNAMED --add-opens=java.base/java.util.concurrent.locks=ALL-UNNAMED
2025-11-13 07:58:32,786 INFO  org.apache.flink.configuration.GlobalConfiguration           [] - Loading dynamic configuration property: taskmanager.memory.network.min, 67108864b
2025-11-13 07:58:32,787 INFO  org.apache.flink.configuration.GlobalConfiguration           [] - Loading dynamic configuration property: taskmanager.memory.jvm-metaspace.size, 268435456b
2025-11-13 07:58:32,787 INFO  org.apache.flink.configuration.GlobalConfiguration           [] - Loading dynamic configuration property: taskmanager.memory.task.off-heap.size, 0b
2025-11-13 07:58:32,787 INFO  org.apache.flink.configuration.GlobalConfiguration           [] - Loading dynamic configuration property: taskmanager.cpu.cores, 1.0
2025-11-13 07:58:32,787 INFO  org.apache.flink.configuration.GlobalConfiguration           [] - Loading dynamic configuration property: external-resources, none
2025-11-13 07:58:32,788 INFO  org.apache.flink.configuration.GlobalConfiguration           [] - Loading dynamic configuration property: taskmanager.memory.jvm-overhead.min, 201326592b
2025-11-13 07:58:32,788 INFO  org.apache.flink.configuration.GlobalConfiguration           [] - Loading dynamic configuration property: taskmanager.memory.framework.off-heap.size, 134217728b
2025-11-13 07:58:32,788 INFO  org.apache.flink.configuration.GlobalConfiguration           [] - Loading dynamic configuration property: taskmanager.memory.network.max, 67108864b
2025-11-13 07:58:32,789 INFO  org.apache.flink.configuration.GlobalConfiguration           [] - Loading dynamic configuration property: taskmanager.memory.framework.heap.size, 134217728b
2025-11-13 07:58:32,789 INFO  org.apache.flink.configuration.GlobalConfiguration           [] - Loading dynamic configuration property: taskmanager.memory.managed.size, 241591914b
2025-11-13 07:58:32,790 INFO  org.apache.flink.configuration.GlobalConfiguration           [] - Loading dynamic configuration property: taskmanager.memory.task.heap.size, 26843542b
2025-11-13 07:58:32,790 INFO  org.apache.flink.configuration.GlobalConfiguration           [] - Loading dynamic configuration property: taskmanager.numberOfTaskSlots, 1
2025-11-13 07:58:32,792 INFO  org.apache.flink.configuration.GlobalConfiguration           [] - Loading dynamic configuration property: taskmanager.memory.jvm-overhead.max, 201326592b
2025-11-13 07:58:32,825 INFO  org.apache.flink.core.fs.FileSystem                          [] - Hadoop is not in the classpath/dependencies. The extended set of supported File Systems via Hadoop is not available.
2025-11-13 07:58:32,838 INFO  org.apache.flink.core.plugin.DefaultPluginManager            [] - Plugin loader with ID not found, creating it: metrics-statsd
2025-11-13 07:58:32,843 INFO  org.apache.flink.core.plugin.DefaultPluginManager            [] - Plugin loader with ID not found, creating it: metrics-prometheus
2025-11-13 07:58:32,843 INFO  org.apache.flink.core.plugin.DefaultPluginManager            [] - Plugin loader with ID not found, creating it: metrics-graphite
2025-11-13 07:58:32,845 INFO  org.apache.flink.core.plugin.DefaultPluginManager            [] - Plugin loader with ID not found, creating it: metrics-jmx
2025-11-13 07:58:32,846 INFO  org.apache.flink.core.plugin.DefaultPluginManager            [] - Plugin loader with ID not found, creating it: external-resource-gpu
2025-11-13 07:58:32,846 INFO  org.apache.flink.core.plugin.DefaultPluginManager            [] - Plugin loader with ID not found, creating it: metrics-influx
2025-11-13 07:58:32,847 INFO  org.apache.flink.core.plugin.DefaultPluginManager            [] - Plugin loader with ID not found, creating it: metrics-slf4j
2025-11-13 07:58:32,847 INFO  org.apache.flink.core.plugin.DefaultPluginManager            [] - Plugin loader with ID not found, creating it: metrics-datadog
2025-11-13 07:58:32,863 INFO  org.apache.flink.runtime.state.changelog.StateChangelogStorageLoader [] - StateChangelogStorageLoader initialized with shortcut names {memory,filesystem}.
2025-11-13 07:58:32,864 INFO  org.apache.flink.core.plugin.DefaultPluginManager            [] - Plugin loader with ID found, reusing it: metrics-statsd
2025-11-13 07:58:32,865 INFO  org.apache.flink.core.plugin.DefaultPluginManager            [] - Plugin loader with ID found, reusing it: metrics-prometheus
2025-11-13 07:58:32,865 INFO  org.apache.flink.core.plugin.DefaultPluginManager            [] - Plugin loader with ID found, reusing it: metrics-graphite
2025-11-13 07:58:32,866 INFO  org.apache.flink.core.plugin.DefaultPluginManager            [] - Plugin loader with ID found, reusing it: metrics-jmx
2025-11-13 07:58:32,869 INFO  org.apache.flink.core.plugin.DefaultPluginManager            [] - Plugin loader with ID found, reusing it: external-resource-gpu
2025-11-13 07:58:32,870 INFO  org.apache.flink.core.plugin.DefaultPluginManager            [] - Plugin loader with ID found, reusing it: metrics-influx
2025-11-13 07:58:32,870 INFO  org.apache.flink.core.plugin.DefaultPluginManager            [] - Plugin loader with ID found, reusing it: metrics-slf4j
2025-11-13 07:58:32,872 INFO  org.apache.flink.core.plugin.DefaultPluginManager            [] - Plugin loader with ID found, reusing it: metrics-datadog
2025-11-13 07:58:32,874 INFO  org.apache.flink.runtime.state.changelog.StateChangelogStorageLoader [] - StateChangelogStorageLoader initialized with shortcut names {memory,filesystem}.
2025-11-13 07:58:32,889 INFO  org.apache.flink.runtime.security.modules.HadoopModuleFactory [] - Cannot create Hadoop Security Module because Hadoop cannot be found in the Classpath.
2025-11-13 07:58:32,904 INFO  org.apache.flink.runtime.security.modules.JaasModule         [] - Jaas file will be created as /tmp/jaas-4681885187574558448.conf.
2025-11-13 07:58:32,910 INFO  org.apache.flink.runtime.security.contexts.HadoopSecurityContextFactory [] - Cannot install HadoopSecurityContext because Hadoop cannot be found in the Classpath.
2025-11-13 07:58:33,140 INFO  org.apache.flink.runtime.util.LeaderRetrievalUtils           [] - Trying to select the network interface and address to use by connecting to the leading JobManager.
2025-11-13 07:58:33,140 INFO  org.apache.flink.runtime.util.LeaderRetrievalUtils           [] - TaskManager will try to connect for PT10S before falling back to heuristics
2025-11-13 07:58:33,667 INFO  org.apache.flink.runtime.net.ConnectionUtils                 [] - Trying to connect to address flink-jobmanager/172.25.0.11:6123
2025-11-13 07:58:33,668 INFO  org.apache.flink.runtime.net.ConnectionUtils                 [] - Failed to connect to [flink-jobmanager/172.25.0.11:6123] from local address [46b9fe7ddfa1/172.25.0.12] with timeout [200] due to: Connection refused (Connection refused)
2025-11-13 07:58:33,670 INFO  org.apache.flink.runtime.net.ConnectionUtils                 [] - Failed to connect to [flink-jobmanager/172.25.0.11:6123] from local address [/172.25.0.12] with timeout [50] due to: Connection refused (Connection refused)
2025-11-13 07:58:33,671 INFO  org.apache.flink.runtime.net.ConnectionUtils                 [] - Failed to connect to [flink-jobmanager/172.25.0.11:6123] from local address [/172.25.0.12] with timeout [50] due to: Connection refused (Connection refused)
2025-11-13 07:58:33,671 INFO  org.apache.flink.runtime.net.ConnectionUtils                 [] - Failed to connect to [flink-jobmanager/172.25.0.11:6123] from local address [/0:0:0:0:0:0:0:1%lo] with timeout [50] due to: Network is unreachable (connect failed)
2025-11-13 07:58:33,672 INFO  org.apache.flink.runtime.net.ConnectionUtils                 [] - Failed to connect to [flink-jobmanager/172.25.0.11:6123] from local address [/127.0.0.1] with timeout [50] due to: Invalid argument (connect failed)
2025-11-13 07:58:33,672 INFO  org.apache.flink.runtime.net.ConnectionUtils                 [] - Failed to connect to [flink-jobmanager/172.25.0.11:6123] from local address [/172.25.0.12] with timeout [1000] due to: Connection refused (Connection refused)
2025-11-13 07:58:33,673 INFO  org.apache.flink.runtime.net.ConnectionUtils                 [] - Failed to connect to [flink-jobmanager/172.25.0.11:6123] from local address [/0:0:0:0:0:0:0:1%lo] with timeout [1000] due to: Network is unreachable (connect failed)
2025-11-13 07:58:33,674 INFO  org.apache.flink.runtime.net.ConnectionUtils                 [] - Failed to connect to [flink-jobmanager/172.25.0.11:6123] from local address [/127.0.0.1] with timeout [1000] due to: Invalid argument (connect failed)
2025-11-13 07:58:34,075 INFO  org.apache.flink.runtime.net.ConnectionUtils                 [] - Trying to connect to address flink-jobmanager/172.25.0.11:6123
2025-11-13 07:58:34,076 INFO  org.apache.flink.runtime.taskexecutor.TaskManagerRunner      [] - TaskManager will use hostname/address '46b9fe7ddfa1' (172.25.0.12) for communication.
2025-11-13 07:58:34,132 INFO  org.apache.flink.runtime.rpc.pekko.PekkoRpcServiceUtils      [] - Trying to start actor system, external address 172.25.0.12:0, bind address 0.0.0.0:0.
2025-11-13 07:58:34,770 INFO  org.apache.pekko.event.slf4j.Slf4jLogger                     [] - Slf4jLogger started
2025-11-13 07:58:34,794 INFO  org.apache.pekko.remote.RemoteActorRefProvider               [] - Pekko Cluster not in use - enabling unsafe features anyway because `pekko.remote.use-unsafe-remote-features-outside-cluster` has been enabled.
2025-11-13 07:58:34,795 INFO  org.apache.pekko.remote.Remoting                             [] - Starting remoting
2025-11-13 07:58:34,927 INFO  org.apache.pekko.remote.Remoting                             [] - Remoting started; listening on addresses :[pekko.tcp://flink@172.25.0.12:39893]
2025-11-13 07:58:35,032 INFO  org.apache.flink.runtime.rpc.pekko.PekkoRpcServiceUtils      [] - Actor system started at pekko.tcp://flink@172.25.0.12:39893
2025-11-13 07:58:35,046 INFO  org.apache.flink.runtime.taskexecutor.TaskManagerRunner      [] - Using working directory: WorkingDirectory(/tmp/tm_172.25.0.12:39893-a6a62c)
2025-11-13 07:58:35,052 INFO  org.apache.flink.runtime.metrics.MetricRegistryImpl          [] - No metrics reporter configured, no metrics will be exposed/reported.
2025-11-13 07:58:35,056 INFO  org.apache.flink.runtime.rpc.pekko.PekkoRpcServiceUtils      [] - Trying to start actor system, external address 172.25.0.12:0, bind address 0.0.0.0:0.
2025-11-13 07:58:35,071 INFO  org.apache.pekko.event.slf4j.Slf4jLogger                     [] - Slf4jLogger started
2025-11-13 07:58:35,074 INFO  org.apache.pekko.remote.RemoteActorRefProvider               [] - Pekko Cluster not in use - enabling unsafe features anyway because `pekko.remote.use-unsafe-remote-features-outside-cluster` has been enabled.
2025-11-13 07:58:35,076 INFO  org.apache.pekko.remote.Remoting                             [] - Starting remoting
2025-11-13 07:58:35,087 INFO  org.apache.pekko.remote.Remoting                             [] - Remoting started; listening on addresses :[pekko.tcp://flink-metrics@172.25.0.12:37437]
2025-11-13 07:58:35,094 INFO  org.apache.flink.runtime.rpc.pekko.PekkoRpcServiceUtils      [] - Actor system started at pekko.tcp://flink-metrics@172.25.0.12:37437
2025-11-13 07:58:35,104 INFO  org.apache.flink.runtime.rpc.pekko.PekkoRpcService           [] - Starting RPC endpoint for org.apache.flink.runtime.metrics.dump.MetricQueryService at pekko://flink-metrics/user/rpc/MetricQueryService_172.25.0.12:39893-a6a62c .
2025-11-13 07:58:35,115 INFO  org.apache.flink.runtime.blob.PermanentBlobCache             [] - Created BLOB cache storage directory /tmp/tm_172.25.0.12:39893-a6a62c/blobStorage
2025-11-13 07:58:35,120 INFO  org.apache.flink.runtime.blob.TransientBlobCache             [] - Created BLOB cache storage directory /tmp/tm_172.25.0.12:39893-a6a62c/blobStorage
2025-11-13 07:58:35,124 INFO  org.apache.flink.runtime.externalresource.ExternalResourceUtils [] - Enabled external resources: []
2025-11-13 07:58:35,125 INFO  org.apache.flink.runtime.security.token.DelegationTokenReceiverRepository [] - Loading delegation token receivers
2025-11-13 07:58:35,129 INFO  org.apache.flink.runtime.security.token.DelegationTokenReceiverRepository [] - Delegation token receiver hadoopfs loaded and initialized
2025-11-13 07:58:35,130 INFO  org.apache.flink.runtime.security.token.DelegationTokenReceiverRepository [] - Delegation token receiver hbase loaded and initialized
2025-11-13 07:58:35,131 INFO  org.apache.flink.core.plugin.DefaultPluginManager            [] - Plugin loader with ID found, reusing it: metrics-statsd
2025-11-13 07:58:35,131 INFO  org.apache.flink.core.plugin.DefaultPluginManager            [] - Plugin loader with ID found, reusing it: metrics-prometheus
2025-11-13 07:58:35,132 INFO  org.apache.flink.core.plugin.DefaultPluginManager            [] - Plugin loader with ID found, reusing it: metrics-graphite
2025-11-13 07:58:35,132 INFO  org.apache.flink.core.plugin.DefaultPluginManager            [] - Plugin loader with ID found, reusing it: metrics-jmx
2025-11-13 07:58:35,132 INFO  org.apache.flink.core.plugin.DefaultPluginManager            [] - Plugin loader with ID found, reusing it: external-resource-gpu
2025-11-13 07:58:35,133 INFO  org.apache.flink.core.plugin.DefaultPluginManager            [] - Plugin loader with ID found, reusing it: metrics-influx
2025-11-13 07:58:35,133 INFO  org.apache.flink.core.plugin.DefaultPluginManager            [] - Plugin loader with ID found, reusing it: metrics-slf4j
2025-11-13 07:58:35,133 INFO  org.apache.flink.core.plugin.DefaultPluginManager            [] - Plugin loader with ID found, reusing it: metrics-datadog
2025-11-13 07:58:35,134 INFO  org.apache.flink.runtime.security.token.DelegationTokenReceiverRepository [] - Delegation token receivers loaded successfully
2025-11-13 07:58:35,135 INFO  org.apache.flink.runtime.taskexecutor.TaskManagerRunner      [] - Starting TaskManager with ResourceID: 172.25.0.12:39893-a6a62c
2025-11-13 07:58:35,151 INFO  org.apache.flink.runtime.taskexecutor.TaskManagerServices    [] - Temporary file directory '/tmp': total 1006 GB, usable 809 GB (80.42% usable)
2025-11-13 07:58:35,154 INFO  org.apache.flink.runtime.io.disk.iomanager.IOManager         [] - Created a new FileChannelManager for spilling of task related data to disk (joins, sorting, ...). Used directories:
	/tmp/flink-io-550ddad3-972c-4bfe-9c4e-d509a730dc36
2025-11-13 07:58:35,163 INFO  org.apache.flink.runtime.io.network.netty.NettyConfig        [] - NettyConfig [server address: /0.0.0.0, server port: 0, ssl enabled: false, memory segment size (bytes): 32768, transport type: AUTO, number of server threads: 1 (manual), number of client threads: 1 (manual), server connect backlog: 0 (use Netty's default), client connect timeout (sec): 120, send/receive buffer size (bytes): 0 (use Netty's default)]
2025-11-13 07:58:35,231 INFO  org.apache.flink.runtime.io.network.NettyShuffleServiceFactory [] - Created a new FileChannelManager for storing result partitions of BLOCKING shuffles. Used directories:
	/tmp/flink-netty-shuffle-765c06ec-eb54-4fa4-b152-3d0832f74988
2025-11-13 07:58:35,653 INFO  org.apache.flink.runtime.io.network.buffer.NetworkBufferPool [] - Allocated 64 MB for network buffer pool (number of memory segments: 2048, bytes per segment: 32768).
2025-11-13 07:58:35,668 INFO  org.apache.flink.runtime.io.network.NettyShuffleEnvironment  [] - Starting the network environment and its components.
2025-11-13 07:58:35,725 INFO  org.apache.flink.runtime.io.network.netty.NettyClient        [] - Transport type 'auto': using EPOLL.
2025-11-13 07:58:35,727 INFO  org.apache.flink.runtime.io.network.netty.NettyClient        [] - Successful initialization (took 58 ms).
2025-11-13 07:58:35,733 INFO  org.apache.flink.runtime.io.network.netty.NettyServer        [] - Transport type 'auto': using EPOLL.
2025-11-13 07:58:35,778 INFO  org.apache.flink.runtime.io.network.netty.NettyServer        [] - Successful initialization (took 48 ms). Listening on SocketAddress /0:0:0:0:0:0:0:0%0:33027.
2025-11-13 07:58:35,780 INFO  org.apache.flink.runtime.taskexecutor.KvStateService         [] - Starting the kvState service and its components.
2025-11-13 07:58:35,831 INFO  org.apache.flink.runtime.rpc.pekko.PekkoRpcService           [] - Starting RPC endpoint for org.apache.flink.runtime.taskexecutor.TaskExecutor at pekko://flink/user/rpc/taskmanager_0 .
2025-11-13 07:58:35,846 INFO  org.apache.flink.runtime.taskexecutor.DefaultJobLeaderService [] - Start job leader service.
2025-11-13 07:58:35,849 INFO  org.apache.flink.runtime.filecache.FileCache                 [] - User file cache uses directory /tmp/flink-dist-cache-519d0ee8-3706-4889-8321-b3cb30bb0ceb
2025-11-13 07:58:35,851 INFO  org.apache.flink.runtime.taskexecutor.TaskExecutor           [] - Connecting to ResourceManager pekko.tcp://flink@flink-jobmanager:6123/user/rpc/resourcemanager_*(00000000000000000000000000000000).
2025-11-13 07:58:36,040 INFO  org.apache.flink.runtime.taskexecutor.TaskExecutor           [] - Resolved ResourceManager address, beginning registration
2025-11-13 07:58:36,132 INFO  org.apache.flink.runtime.taskexecutor.TaskExecutor           [] - Successful registration at resource manager pekko.tcp://flink@flink-jobmanager:6123/user/rpc/resourcemanager_* under registration id f39e20dbcbec800c49d10799b4747e2b.
